2025-01-27 17:25:25,856 - INFO - 
=== 当前音频设备信息 ===
2025-01-27 17:25:25,856 - INFO - 默认输入设备: MacBook Pro麦克风
2025-01-27 17:25:25,856 - INFO - 支持的采样率: 44100Hz
2025-01-27 17:25:25,856 - INFO - 最大输入通道数: 1
2025-01-27 17:25:25,856 - INFO - ========================

2025-01-27 17:25:25,856 - INFO - 调整采样率为: 44100Hz
2025-01-27 17:25:25,856 - INFO - 
=== 可用的音频输入设备 ===
2025-01-27 17:25:25,856 - INFO - 0: “Erlich’s Seeds”的麦克风 (采样率: 48000Hz, 通道数: 1) 
2025-01-27 17:25:25,856 - INFO - 1: MacBook Pro麦克风 (采样率: 44100Hz, 通道数: 1) 默认设备 ✓
2025-01-27 17:25:25,856 - INFO - 3: Steam Streaming Microphone (采样率: 44100Hz, 通道数: 2) 
2025-01-27 17:25:25,856 - INFO - 4: Steam Streaming Speakers (采样率: 44100Hz, 通道数: 2) 
2025-01-27 17:25:25,856 - INFO - 5: WeMeet Audio Device (采样率: 48000Hz, 通道数: 2) 
2025-01-27 17:25:25,856 - INFO - 6: iShotAudioPlugin (采样率: 48000Hz, 通道数: 2) 
2025-01-27 17:25:25,856 - INFO - ========================

2025-01-27 17:25:25,856 - INFO - 初始化完成
2025-01-27 17:25:25,884 - INFO - 配置到Mac平台
2025-01-27 17:25:25,884 - INFO - 配置到转录按钮：alt
2025-01-27 17:25:25,884 - INFO - 配置到翻译按钮(与转录按钮组合)：shift
2025-01-27 17:25:25,884 - INFO - 按住 alt 键：实时语音转录（保持原文）
2025-01-27 17:25:25,884 - INFO - 按住 shift + alt 键：实时语音翻译（翻译成英文）
2025-01-27 17:25:25,884 - INFO - === 语音助手已启动 ===
2025-01-27 17:25:35,226 - INFO - 开始录音...
2025-01-27 17:25:37,454 - INFO - 音频流已启动 (设备: MacBook Pro麦克风)
2025-01-27 17:25:42,294 - INFO - 停止录音...
2025-01-27 17:25:42,419 - INFO - 音频数据长度: 213504 采样点
2025-01-27 17:25:42,429 - INFO - 正在调用 硅基流动 API... (模式: transcriptions)
2025-01-27 17:25:43,502 - INFO - API 调用成功 (transcriptions), 耗时: 1.1秒
2025-01-27 17:25:43,503 - INFO - 识别结果: 
2025-01-27 17:25:44,032 - INFO - 开始录音...
2025-01-27 17:25:44,120 - INFO - 音频流已启动 (设备: MacBook Pro麦克风)
2025-01-27 17:25:44,417 - INFO - 停止录音...
2025-01-27 17:25:44,542 - WARNING - 录音时长太短 (0.5秒 < 1.0秒)
2025-01-27 17:25:44,542 - WARNING - 录音时长太短，状态将重置
2025-01-27 17:39:17,523 - INFO - 开始录音...
2025-01-27 17:39:17,605 - INFO - 音频流已启动 (设备: MacBook Pro麦克风)
2025-01-27 17:39:17,726 - INFO - 停止录音...
2025-01-27 17:39:17,836 - WARNING - 录音时长太短 (0.3秒 < 1.0秒)
2025-01-27 17:39:17,837 - WARNING - 录音时长太短，状态将重置
2025-01-28 10:16:06,802 - INFO - 
=== 当前音频设备信息 ===
2025-01-28 10:16:06,802 - INFO - 默认输入设备: MacBook Pro麦克风
2025-01-28 10:16:06,802 - INFO - 支持的采样率: 44100Hz
2025-01-28 10:16:06,802 - INFO - 最大输入通道数: 1
2025-01-28 10:16:06,802 - INFO - ========================

2025-01-28 10:16:06,802 - INFO - 调整采样率为: 44100Hz
2025-01-28 10:16:06,802 - INFO - 
=== 可用的音频输入设备 ===
2025-01-28 10:16:06,803 - INFO - 0: “Erlich’s Seeds”的麦克风 (采样率: 48000Hz, 通道数: 1) 
2025-01-28 10:16:06,803 - INFO - 1: MacBook Pro麦克风 (采样率: 44100Hz, 通道数: 1) 默认设备 ✓
2025-01-28 10:16:06,803 - INFO - 3: Steam Streaming Microphone (采样率: 44100Hz, 通道数: 2) 
2025-01-28 10:16:06,803 - INFO - 4: Steam Streaming Speakers (采样率: 44100Hz, 通道数: 2) 
2025-01-28 10:16:06,803 - INFO - 5: WeMeet Audio Device (采样率: 48000Hz, 通道数: 2) 
2025-01-28 10:16:06,803 - INFO - 6: iShotAudioPlugin (采样率: 48000Hz, 通道数: 2) 
2025-01-28 10:16:06,803 - INFO - ========================

2025-01-28 10:16:06,803 - INFO - 初始化完成
2025-01-28 10:16:06,852 - INFO - 配置到Mac平台
2025-01-28 10:16:06,852 - INFO - 配置到转录按钮：alt
2025-01-28 10:16:06,852 - INFO - 配置到翻译按钮(与转录按钮组合)：shift
2025-01-28 10:16:06,852 - INFO - 按住 alt 键：实时语音转录（保持原文）
2025-01-28 10:16:06,853 - INFO - 按住 shift + alt 键：实时语音翻译（翻译成英文）
2025-01-28 10:16:06,853 - INFO - === 语音助手已启动 ===
2025-01-28 10:16:09,118 - INFO - 开始录音...
2025-01-28 10:16:11,053 - INFO - 音频流已启动 (设备: MacBook Pro麦克风)
2025-01-28 10:16:16,247 - INFO - 停止录音...
2025-01-28 10:16:16,381 - INFO - 音频数据长度: 229120 采样点
2025-01-28 10:16:16,387 - INFO - 正在调用 硅基流动 API... (模式: transcriptions)
2025-01-28 10:16:17,417 - INFO - API 调用成功 (transcriptions), 耗时: 1.0秒
2025-01-28 10:16:17,418 - INFO - 识别结果: 
2025-01-28 10:16:20,188 - INFO - 开始录音...
2025-01-28 10:16:20,308 - INFO - 音频流已启动 (设备: MacBook Pro麦克风)
2025-01-28 10:16:21,956 - INFO - 停止录音...
2025-01-28 10:16:22,083 - INFO - 音频数据长度: 72704 采样点
2025-01-28 10:16:22,088 - INFO - 正在调用 硅基流动 API... (模式: transcriptions)
2025-01-28 10:16:22,955 - INFO - API 调用成功 (transcriptions), 耗时: 0.9秒
2025-01-28 10:16:22,956 - INFO - 识别结果: 嗯。
2025-01-28 10:16:22,957 - INFO - 正在输入转录文本...
2025-01-28 10:16:23,487 - INFO - 文本输入完成
2025-01-28 10:16:42,910 - INFO - 开始录音...
2025-01-28 10:16:43,038 - INFO - 音频流已启动 (设备: MacBook Pro麦克风)
2025-01-28 10:16:58,799 - INFO - 停止录音...
2025-01-28 10:16:58,933 - INFO - 音频数据长度: 694784 采样点
2025-01-28 10:16:58,941 - INFO - 正在调用 硅基流动 API... (模式: transcriptions)
2025-01-28 10:17:00,015 - INFO - API 调用成功 (transcriptions), 耗时: 1.1秒
2025-01-28 10:17:00,015 - INFO - 识别结果: 我现在想给deept RE做一个嗯react的模式的一个chrome插件。你推荐我取什么样的名字比较好？这个名字里边最好先要包含deep sick。
2025-01-28 10:17:00,015 - INFO - 正在输入转录文本...
2025-01-28 10:17:00,568 - INFO - 文本输入完成
2025-01-28 10:17:22,592 - INFO - 开始录音...
2025-01-28 10:17:22,708 - INFO - 音频流已启动 (设备: MacBook Pro麦克风)
2025-01-28 10:17:33,166 - INFO - 停止录音...
2025-01-28 10:17:33,295 - INFO - 音频数据长度: 461056 采样点
2025-01-28 10:17:33,301 - INFO - 正在调用 硅基流动 API... (模式: transcriptions)
2025-01-28 10:17:34,404 - INFO - API 调用成功 (transcriptions), 耗时: 1.1秒
2025-01-28 10:17:34,405 - INFO - 识别结果: react这个模式的能力就是我们可以反复跟大元模型进行交互，直到他最后解决你的问题为止。
2025-01-28 10:17:34,405 - INFO - 正在输入转录文本...
2025-01-28 10:17:34,976 - INFO - 文本输入完成
2025-01-28 11:28:21,327 - INFO - 开始录音...
2025-01-28 11:28:21,432 - INFO - 音频流已启动 (设备: MacBook Pro麦克风)
2025-01-28 11:28:21,612 - INFO - 停止录音...
2025-01-28 11:28:21,720 - WARNING - 录音时长太短 (0.4秒 < 1.0秒)
2025-01-28 11:28:21,723 - WARNING - 录音时长太短，状态将重置
2025-01-29 10:41:07,644 - INFO - 开始录音...
2025-01-29 10:41:07,763 - INFO - 音频流已启动 (设备: MacBook Pro麦克风)
2025-01-29 10:41:26,664 - INFO - 停止录音...
2025-01-29 10:41:26,817 - INFO - 音频数据长度: 841216 采样点
2025-01-29 10:41:26,825 - INFO - 正在调用 硅基流动 API... (模式: transcriptions)
2025-01-29 10:41:28,330 - INFO - API 调用成功 (transcriptions), 耗时: 1.5秒
2025-01-29 10:41:28,331 - INFO - 识别结果: 我访问一个网站，这个网站本身的beer授权肯定也是通过服务器下发过来的。而且我看到一个请求是这样的。
2025-01-29 10:41:28,332 - INFO - 正在输入转录文本...
2025-01-29 10:41:28,905 - INFO - 文本输入完成
2025-01-29 10:46:40,451 - INFO - 开始录音...
2025-01-29 10:46:40,570 - INFO - 音频流已启动 (设备: MacBook Pro麦克风)
2025-01-29 10:49:53,038 - INFO - 停止录音...
2025-01-29 10:49:53,303 - INFO - 音频数据长度: 8486848 采样点
2025-01-29 10:49:53,354 - INFO - 正在调用 硅基流动 API... (模式: transcriptions)
2025-01-29 10:49:55,998 - INFO - API 调用成功 (transcriptions), 耗时: 2.6秒
2025-01-29 10:49:55,999 - INFO - 识别结果: .我昨天不是在去做这个think flow这个模式的插件吗，就是专门去增强deepick的这个体验的。。.不是。
2025-01-29 10:49:55,999 - INFO - 正在输入转录文本...
2025-01-29 10:49:56,554 - INFO - 文本输入完成
2025-01-29 10:49:58,459 - INFO - 开始录音...
2025-01-29 10:49:58,572 - INFO - 音频流已启动 (设备: MacBook Pro麦克风)
2025-01-29 10:50:06,145 - INFO - 停止录音...
2025-01-29 10:50:06,287 - INFO - 音频数据长度: 334016 采样点
2025-01-29 10:50:06,294 - INFO - 正在调用 硅基流动 API... (模式: transcriptions)
2025-01-29 10:50:07,394 - INFO - API 调用成功 (transcriptions), 耗时: 1.1秒
2025-01-29 10:50:07,395 - INFO - 识别结果: 帮我解释和推测一下这些分别是什么意思，以及如何去获得这些值。
2025-01-29 10:50:07,396 - INFO - 正在输入转录文本...
2025-01-29 10:50:07,946 - INFO - 文本输入完成
2025-01-29 14:27:18,413 - INFO - 开始录音...
2025-01-29 14:27:18,524 - INFO - 音频流已启动 (设备: MacBook Pro麦克风)
2025-01-29 14:27:36,699 - INFO - 停止录音...
2025-01-29 14:27:36,844 - INFO - 音频数据长度: 801024 采样点
2025-01-29 14:27:36,849 - INFO - 正在调用 硅基流动 API... (模式: transcriptions)
2025-01-29 14:27:37,998 - INFO - API 调用成功 (transcriptions), 耗时: 1.1秒
2025-01-29 14:27:37,999 - INFO - 识别结果: 如果一个软件里面目前已经存在一些文件夹，这文件分别是 APII content service type.我想去创建一个类似于manager的角色，我应该先创建一个文件夹呢，还是说归类到目前的文件夹内呢？
2025-01-29 14:27:38,000 - INFO - 正在输入转录文本...
2025-01-29 14:27:38,547 - INFO - 文本输入完成
2025-01-29 14:29:35,236 - INFO - 开始录音...
2025-01-29 14:29:35,347 - INFO - 音频流已启动 (设备: MacBook Pro麦克风)
2025-01-29 14:29:43,687 - INFO - 停止录音...
2025-01-29 14:29:43,809 - INFO - 音频数据长度: 367808 采样点
2025-01-29 14:29:43,818 - INFO - 正在调用 硅基流动 API... (模式: transcriptions)
2025-01-29 14:29:44,871 - INFO - API 调用成功 (transcriptions), 耗时: 1.1秒
2025-01-29 14:29:44,873 - INFO - 识别结果: chrome插件是如何监听一个页面上的DIV元素的增加或者减少的呢？
2025-01-29 14:29:44,873 - INFO - 正在输入转录文本...
2025-01-29 14:29:45,426 - INFO - 文本输入完成
2025-01-29 17:38:37,494 - INFO - 开始录音...
2025-01-29 17:38:37,610 - INFO - 音频流已启动 (设备: MacBook Pro麦克风)
2025-01-29 17:38:39,604 - INFO - 停止录音...
2025-01-29 17:38:39,728 - INFO - 音频数据长度: 87936 采样点
2025-01-29 17:38:39,731 - INFO - 正在调用 硅基流动 API... (模式: transcriptions)
2025-01-29 17:38:40,554 - INFO - API 调用成功 (transcriptions), 耗时: 0.8秒
2025-01-29 17:38:40,555 - INFO - 识别结果: 这句话是什么意思？
2025-01-29 17:38:40,555 - INFO - 正在输入转录文本...
2025-01-29 17:38:41,110 - INFO - 文本输入完成
2025-01-29 17:38:59,992 - INFO - 开始录音...
2025-01-29 17:39:00,121 - INFO - 音频流已启动 (设备: MacBook Pro麦克风)
2025-01-29 17:39:02,508 - INFO - 停止录音...
2025-01-29 17:39:02,634 - INFO - 音频数据长度: 105344 采样点
2025-01-29 17:39:02,637 - INFO - 正在调用 硅基流动 API... (模式: transcriptions)
2025-01-29 17:39:03,493 - INFO - API 调用成功 (transcriptions), 耗时: 0.9秒
2025-01-29 17:39:03,495 - INFO - 识别结果: 帮我举一个具体的例子。
2025-01-29 17:39:03,495 - INFO - 正在输入转录文本...
2025-01-29 17:39:04,051 - INFO - 文本输入完成
